#
# A fatal error has been detected by the Java Runtime Environment:
#
#  EXCEPTION_ACCESS_VIOLATION (0xc0000005) at pc=0x00007ffa6c871946, pid=18828, tid=8196
#
# JRE version: OpenJDK Runtime Environment (18.0.2.1+1) (build 18.0.2.1+1-1)
# Java VM: OpenJDK 64-Bit Server VM (18.0.2.1+1-1, mixed mode, sharing, tiered, compressed oops, compressed class ptrs, g1 gc, windows-amd64)
# Problematic frame:
# C  [bean.dll+0x1946]
#
# No core dump will be written. Minidumps are not enabled by default on client versions of Windows
#
# If you would like to submit a bug report, please visit:
#   https://bugreport.java.com/bugreport/crash.jsp
# The crash happened outside the Java Virtual Machine in native code.
# See problematic frame for where to report the bug.
#

---------------  S U M M A R Y ------------

Command Line: -Djava.library.path=C:\Users\User\Desktop\Study\3 year\JavaOptimization\Task3\src\main\java\nativeBean -Dfile.encoding=windows-1251 -Duser.country=RU -Duser.language=ru -Duser.variant Main

Host: Intel(R) Core(TM) i7-8550U CPU @ 1.80GHz, 8 cores, 15G,  Windows 11 , 64 bit Build 22621 (10.0.22621.3374)
Time: Fri May  3 12:52:42 2024  Windows 11 , 64 bit Build 22621 (10.0.22621.3374) elapsed time: 11.168342 seconds (0d 0h 0m 11s)

---------------  T H R E A D  ---------------

Current thread (0x000001f525a58810):  JavaThread "main" [_thread_in_native, id=8196, stack(0x0000000100600000,0x0000000100700000)]

Stack: [0x0000000100600000,0x0000000100700000],  sp=0x00000001006ff380,  free space=1020k
Native frames: (J=compiled Java code, j=interpreted, Vv=VM code, C=native code)
C  [bean.dll+0x1946]

Java frames: (J=compiled Java code, j=interpreted, Vv=VM code)
j  nativeBean.Bean.chainMethods()V+0
j  Main.main([Ljava/lang/String;)V+119
v  ~StubRoutines::call_stub

siginfo: EXCEPTION_ACCESS_VIOLATION (0xc0000005), writing address 0x0000000000000000


Register to memory mapping:

RIP=0x00007ffa6c871946 bean.dll
RAX=0x0 is NULL
RBX={method} {0x000001f549001410} 'chainMethods' '()V' in 'nativeBean/Bean'
RCX=0x00000001006ff330 is pointing into the stack for thread: 0x000001f525a58810
RDX=0x00007ffa7480f4f8 ucrtbase.dll
RSP=0x00000001006ff380 is pointing into the stack for thread: 0x000001f525a58810
RBP=0x00000001006ff3b0 is pointing into the stack for thread: 0x000001f525a58810
RSI=0x0000000000000002 is an unknown value
RDI=0x000001f52d3894fe is at code_begin+1118 in an Interpreter codelet
return entry points  [0x000001f52d3890a0, 0x000001f52d389ba0]  2816 bytes
R8 =0x00000001006ff330 is pointing into the stack for thread: 0x000001f525a58810
R9 =0x0000000000002064 is an unknown value
R10=0x0000000000000033 is an unknown value
R11=0x00007ffa74810990 ucrtbase.dll
R12=0x0 is NULL
R13={method} {0x000001f549001410} 'chainMethods' '()V' in 'nativeBean/Bean'
R14=0x00000001006ff4e8 is pointing into the stack for thread: 0x000001f525a58810
R15=0x000001f525a58810 is a thread


Registers:
RAX=0x0000000000000000, RBX=0x000001f549001408, RCX=0x00000001006ff330, RDX=0x00007ffa7480f4f8
RSP=0x00000001006ff380, RBP=0x00000001006ff3b0, RSI=0x0000000000000002, RDI=0x000001f52d3894fe
R8 =0x00000001006ff330, R9 =0x0000000000002064, R10=0x0000000000000033, R11=0x00007ffa74810990
R12=0x0000000000000000, R13=0x000001f549001408, R14=0x00000001006ff4e8, R15=0x000001f525a58810
RIP=0x00007ffa6c871946, EFLAGS=0x0000000000010202

Top of Stack: (sp=0x00000001006ff380)
0x00000001006ff380:   000001f52d389400 00007ffa7480f0c0
0x00000001006ff390:   000001f523862370 0000000000000001
0x00000001006ff3a0:   0000000000000000 0000000000000000
0x00000001006ff3b0:   00000001006ff3e0 00007ffa6c87191c
0x00000001006ff3c0:   000001f523862370 000001f549001401
0x00000001006ff3d0:   00000001006ff400 00007ff9fcd74000
0x00000001006ff3e0:   00000001006ff410 00007ffa6c8718f9
0x00000001006ff3f0:   000001f525a58810 000001f525a58810
0x00000001006ff400:   000001f549001408 000001f525a58810
0x00000001006ff410:   00000001006ff440 00007ffa6c871658
0x00000001006ff420:   000001f549001408 000001f549001408
0x00000001006ff430:   000001f549001408 0000000800435998
0x00000001006ff440:   00000001006ff4c8 000001f52d38d621
0x00000001006ff450:   000001f525a58aa0 00000001006ff4e8
0x00000001006ff460:   00000001006ff488 00000001006ff4d8
0x00000001006ff470:   000001f52d3894fe 000001f52d38d2f6 

Instructions: (pc=0x00007ffa6c871946)
0x00007ffa6c871846:   45 f8 c7 00 2a 00 00 00 48 8d 05 2b 38 00 00 48
0x00007ffa6c871856:   89 c1 e8 33 17 00 00 48 8b 45 f8 48 83 c4 30 5d
0x00007ffa6c871866:   c3 55 48 89 e5 48 83 ec 10 48 89 4d 10 48 89 55
0x00007ffa6c871876:   18 4c 89 45 20 48 8b 45 20 48 89 45 f8 48 83 7d
0x00007ffa6c871886:   f8 00 75 07 b8 00 00 00 00 eb 08 48 8b 45 f8 8b
0x00007ffa6c871896:   00 48 98 48 83 c4 10 5d c3 55 48 89 e5 48 83 ec
0x00007ffa6c8718a6:   30 48 89 4d 10 48 89 55 18 4c 89 45 20 48 8b 45
0x00007ffa6c8718b6:   20 48 89 45 f8 48 8b 45 f8 48 89 c1 e8 79 17 00
0x00007ffa6c8718c6:   00 48 8d 05 ef 37 00 00 48 89 c1 e8 ba 16 00 00
0x00007ffa6c8718d6:   90 48 83 c4 30 5d c3 55 48 89 e5 48 83 ec 20 48
0x00007ffa6c8718e6:   8d 05 ee 37 00 00 48 89 c1 e8 9c 16 00 00 e8 07
0x00007ffa6c8718f6:   00 00 00 90 48 83 c4 20 5d c3 55 48 89 e5 48 83
0x00007ffa6c871906:   ec 20 48 8d 05 db 37 00 00 48 89 c1 e8 79 16 00
0x00007ffa6c871916:   00 e8 07 00 00 00 90 48 83 c4 20 5d c3 55 48 89
0x00007ffa6c871926:   e5 48 83 ec 30 48 8d 05 c8 37 00 00 48 89 c1 e8
0x00007ffa6c871936:   56 16 00 00 48 c7 45 f8 00 00 00 00 48 8b 45 f8
0x00007ffa6c871946:   c7 00 0a 00 00 00 90 48 83 c4 30 5d c3 90 90 90
0x00007ffa6c871956:   90 90 90 90 90 90 90 90 90 90 55 48 89 e5 48 83
0x00007ffa6c871966:   ec 20 eb 1e 48 8b 05 af 26 00 00 48 8b 00 ff d0
0x00007ffa6c871976:   48 8b 05 a3 26 00 00 48 83 c0 08 48 89 05 98 26
0x00007ffa6c871986:   00 00 48 8b 05 91 26 00 00 48 8b 00 48 85 c0 75
0x00007ffa6c871996:   d3 90 90 48 83 c4 20 5d c3 55 48 89 e5 48 83 ec
0x00007ffa6c8719a6:   30 48 8b 05 42 39 00 00 48 8b 00 89 45 fc 83 7d
0x00007ffa6c8719b6:   fc ff 75 25 c7 45 fc 00 00 00 00 eb 04 83 45 fc
0x00007ffa6c8719c6:   01 8b 45 fc 8d 50 01 48 8b 05 1c 39 00 00 89 d2
0x00007ffa6c8719d6:   48 8b 04 d0 48 85 c0 75 e4 8b 45 fc 89 45 f8 eb
0x00007ffa6c8719e6:   14 48 8b 05 02 39 00 00 8b 55 f8 48 8b 04 d0 ff
0x00007ffa6c8719f6:   d0 83 6d f8 01 83 7d f8 00 75 e6 48 8d 05 58 ff
0x00007ffa6c871a06:   ff ff 48 89 c1 e8 57 fa ff ff 90 48 83 c4 30 5d
0x00007ffa6c871a16:   c3 55 48 89 e5 48 83 ec 20 8b 05 7b 76 00 00 85
0x00007ffa6c871a26:   c0 75 0f c7 05 6d 76 00 00 01 00 00 00 e8 67 ff
0x00007ffa6c871a36:   ff ff 90 48 83 c4 20 5d c3 90 55 48 89 e5 48 83 


Stack slot to memory mapping:
stack at sp + 0 slots: 0x000001f52d389400 is at code_begin+864 in an Interpreter codelet
return entry points  [0x000001f52d3890a0, 0x000001f52d389ba0]  2816 bytes
stack at sp + 1 slots: 0x00007ffa7480f0c0 ucrtbase.dll
stack at sp + 2 slots: 0x000001f523862370 points into unknown readable memory: 0x000004e300000002 | 02 00 00 00 e3 04 00 00
stack at sp + 3 slots: 0x0000000000000001 is an unknown value
stack at sp + 4 slots: 0x0 is NULL
stack at sp + 5 slots: 0x0 is NULL
stack at sp + 6 slots: 0x00000001006ff3e0 is pointing into the stack for thread: 0x000001f525a58810
stack at sp + 7 slots: 0x00007ffa6c87191c bean.dll


---------------  P R O C E S S  ---------------

Threads class SMR info:
_java_thread_list=0x000001f54cca65f0, length=12, elements={
0x000001f525a58810, 0x000001f5487c8370, 0x000001f5487cc210, 0x000001f5487e6a90,
0x000001f5487e7340, 0x000001f5487e80f0, 0x000001f5487e8a90, 0x000001f5487ecc60,
0x000001f5487f5650, 0x000001f5487f8250, 0x000001f54ccc0c00, 0x000001f54ccc5f70
}

Java Threads: ( => current thread )
=>0x000001f525a58810 JavaThread "main" [_thread_in_native, id=8196, stack(0x0000000100600000,0x0000000100700000)]
  0x000001f5487c8370 JavaThread "Reference Handler" daemon [_thread_blocked, id=5488, stack(0x0000000100d00000,0x0000000100e00000)]
  0x000001f5487cc210 JavaThread "Finalizer" daemon [_thread_blocked, id=16392, stack(0x0000000100e00000,0x0000000100f00000)]
  0x000001f5487e6a90 JavaThread "Signal Dispatcher" daemon [_thread_blocked, id=20928, stack(0x0000000100f00000,0x0000000101000000)]
  0x000001f5487e7340 JavaThread "Attach Listener" daemon [_thread_blocked, id=17324, stack(0x0000000101000000,0x0000000101100000)]
  0x000001f5487e80f0 JavaThread "Service Thread" daemon [_thread_blocked, id=12960, stack(0x0000000101100000,0x0000000101200000)]
  0x000001f5487e8a90 JavaThread "Monitor Deflation Thread" daemon [_thread_blocked, id=19856, stack(0x0000000101200000,0x0000000101300000)]
  0x000001f5487ecc60 JavaThread "C2 CompilerThread0" daemon [_thread_blocked, id=18528, stack(0x0000000101300000,0x0000000101400000)]
  0x000001f5487f5650 JavaThread "C1 CompilerThread0" daemon [_thread_blocked, id=14720, stack(0x0000000101400000,0x0000000101500000)]
  0x000001f5487f8250 JavaThread "Sweeper thread" daemon [_thread_blocked, id=10264, stack(0x0000000101500000,0x0000000101600000)]
  0x000001f54ccc0c00 JavaThread "Notification Thread" daemon [_thread_blocked, id=18340, stack(0x0000000101600000,0x0000000101700000)]
  0x000001f54ccc5f70 JavaThread "Common-Cleaner" daemon [_thread_blocked, id=19172, stack(0x0000000101800000,0x0000000101900000)]

Other Threads:
  0x000001f5487c5d90 VMThread "VM Thread" [stack: 0x0000000100c00000,0x0000000100d00000] [id=17748]
  0x000001f54ccc54f0 WatcherThread "VM Periodic Task Thread" [stack: 0x0000000101700000,0x0000000101800000] [id=14808]
  0x000001f525ac8d40 WorkerThread "GC Thread#0" [stack: 0x0000000100700000,0x0000000100800000] [id=15468]
  0x000001f525ad9ab0 ConcurrentGCThread "G1 Main Marker" [stack: 0x0000000100800000,0x0000000100900000] [id=16976]
  0x000001f525ada4a0 WorkerThread "G1 Conc#0" [stack: 0x0000000100900000,0x0000000100a00000] [id=20464]
  0x000001f548679540 ConcurrentGCThread "G1 Refine#0" [stack: 0x0000000100a00000,0x0000000100b00000] [id=13688]
  0x000001f548679d60 ConcurrentGCThread "G1 Service" [stack: 0x0000000100b00000,0x0000000100c00000] [id=19716]

Threads with active compile tasks:

VM state: not at safepoint (normal execution)

VM Mutex/Monitor currently owned by a thread: None

Heap address: 0x0000000701c00000, size: 4068 MB, Compressed Oops mode: Zero based, Oop shift amount: 3

CDS archive(s) mapped at: [0x0000000800000000-0x0000000800ba0000-0x0000000800ba0000), size 12189696, SharedBaseAddress: 0x0000000800000000, ArchiveRelocationMode: 0.
Compressed class space mapped at: 0x0000000800c00000-0x0000000840c00000, reserved size: 1073741824
Narrow klass base: 0x0000000800000000, Narrow klass shift: 0, Narrow klass range: 0x100000000

GC Precious Log:
 CardTable entry size: 512
 Card Set container configuration: InlinePtr #cards 4 size 8 Array Of Cards #cards 16 size 48 Howl #buckets 8 coarsen threshold 3686 Howl Bitmap #cards 512 size 80 coarsen threshold 460 Card regions per heap region 1 cards per card region 4096
 CPUs: 8 total, 8 available
 Memory: 16268M
 Large Page Support: Disabled
 NUMA Support: Disabled
 Compressed Oops: Enabled (Zero based)
 Heap Region Size: 2M
 Heap Min Capacity: 8M
 Heap Initial Capacity: 256M
 Heap Max Capacity: 4068M
 Pre-touch: Disabled
 Parallel Workers: 8
 Concurrent Workers: 2
 Concurrent Refinement Workers: 8
 Periodic GC: Disabled

Heap:
 garbage-first heap   total 262144K, used 0K [0x0000000701c00000, 0x0000000800000000)
  region size 2048K, 1 young (2048K), 0 survivors (0K)
 Metaspace       used 259K, committed 448K, reserved 1114112K
  class space    used 10K, committed 128K, reserved 1048576K

Heap Regions: E=young(eden), S=young(survivor), O=old, HS=humongous(starts), HC=humongous(continues), CS=collection set, F=free, OA=open archive, CA=closed archive, TAMS=top-at-mark-start (previous, next)
|   0|0x0000000701c00000, 0x0000000701c00000, 0x0000000701e00000|  0%| F|  |TAMS 0x0000000701c00000, 0x0000000701c00000| Untracked 
|   1|0x0000000701e00000, 0x0000000701e00000, 0x0000000702000000|  0%| F|  |TAMS 0x0000000701e00000, 0x0000000701e00000| Untracked 
|   2|0x0000000702000000, 0x0000000702000000, 0x0000000702200000|  0%| F|  |TAMS 0x0000000702000000, 0x0000000702000000| Untracked 
|   3|0x0000000702200000, 0x0000000702200000, 0x0000000702400000|  0%| F|  |TAMS 0x0000000702200000, 0x0000000702200000| Untracked 
|   4|0x0000000702400000, 0x0000000702400000, 0x0000000702600000|  0%| F|  |TAMS 0x0000000702400000, 0x0000000702400000| Untracked 
|   5|0x0000000702600000, 0x0000000702600000, 0x0000000702800000|  0%| F|  |TAMS 0x0000000702600000, 0x0000000702600000| Untracked 
|   6|0x0000000702800000, 0x0000000702800000, 0x0000000702a00000|  0%| F|  |TAMS 0x0000000702800000, 0x0000000702800000| Untracked 
|   7|0x0000000702a00000, 0x0000000702a00000, 0x0000000702c00000|  0%| F|  |TAMS 0x0000000702a00000, 0x0000000702a00000| Untracked 
|   8|0x0000000702c00000, 0x0000000702c00000, 0x0000000702e00000|  0%| F|  |TAMS 0x0000000702c00000, 0x0000000702c00000| Untracked 
|   9|0x0000000702e00000, 0x0000000702e00000, 0x0000000703000000|  0%| F|  |TAMS 0x0000000702e00000, 0x0000000702e00000| Untracked 
|  10|0x0000000703000000, 0x0000000703000000, 0x0000000703200000|  0%| F|  |TAMS 0x0000000703000000, 0x0000000703000000| Untracked 
|  11|0x0000000703200000, 0x0000000703200000, 0x0000000703400000|  0%| F|  |TAMS 0x0000000703200000, 0x0000000703200000| Untracked 
|  12|0x0000000703400000, 0x0000000703400000, 0x0000000703600000|  0%| F|  |TAMS 0x0000000703400000, 0x0000000703400000| Untracked 
|  13|0x0000000703600000, 0x0000000703600000, 0x0000000703800000|  0%| F|  |TAMS 0x0000000703600000, 0x0000000703600000| Untracked 
|  14|0x0000000703800000, 0x0000000703800000, 0x0000000703a00000|  0%| F|  |TAMS 0x0000000703800000, 0x0000000703800000| Untracked 
|  15|0x0000000703a00000, 0x0000000703a00000, 0x0000000703c00000|  0%| F|  |TAMS 0x0000000703a00000, 0x0000000703a00000| Untracked 
|  16|0x0000000703c00000, 0x0000000703c00000, 0x0000000703e00000|  0%| F|  |TAMS 0x0000000703c00000, 0x0000000703c00000| Untracked 
|  17|0x0000000703e00000, 0x0000000703e00000, 0x0000000704000000|  0%| F|  |TAMS 0x0000000703e00000, 0x0000000703e00000| Untracked 
|  18|0x0000000704000000, 0x0000000704000000, 0x0000000704200000|  0%| F|  |TAMS 0x0000000704000000, 0x0000000704000000| Untracked 
|  19|0x0000000704200000, 0x0000000704200000, 0x0000000704400000|  0%| F|  |TAMS 0x0000000704200000, 0x0000000704200000| Untracked 
|  20|0x0000000704400000, 0x0000000704400000, 0x0000000704600000|  0%| F|  |TAMS 0x0000000704400000, 0x0000000704400000| Untracked 
|  21|0x0000000704600000, 0x0000000704600000, 0x0000000704800000|  0%| F|  |TAMS 0x0000000704600000, 0x0000000704600000| Untracked 
|  22|0x0000000704800000, 0x0000000704800000, 0x0000000704a00000|  0%| F|  |TAMS 0x0000000704800000, 0x0000000704800000| Untracked 
|  23|0x0000000704a00000, 0x0000000704a00000, 0x0000000704c00000|  0%| F|  |TAMS 0x0000000704a00000, 0x0000000704a00000| Untracked 
|  24|0x0000000704c00000, 0x0000000704c00000, 0x0000000704e00000|  0%| F|  |TAMS 0x0000000704c00000, 0x0000000704c00000| Untracked 
|  25|0x0000000704e00000, 0x0000000704e00000, 0x0000000705000000|  0%| F|  |TAMS 0x0000000704e00000, 0x0000000704e00000| Untracked 
|  26|0x0000000705000000, 0x0000000705000000, 0x0000000705200000|  0%| F|  |TAMS 0x0000000705000000, 0x0000000705000000| Untracked 
|  27|0x0000000705200000, 0x0000000705200000, 0x0000000705400000|  0%| F|  |TAMS 0x0000000705200000, 0x0000000705200000| Untracked 
|  28|0x0000000705400000, 0x0000000705400000, 0x0000000705600000|  0%| F|  |TAMS 0x0000000705400000, 0x0000000705400000| Untracked 
|  29|0x0000000705600000, 0x0000000705600000, 0x0000000705800000|  0%| F|  |TAMS 0x0000000705600000, 0x0000000705600000| Untracked 
|  30|0x0000000705800000, 0x0000000705800000, 0x0000000705a00000|  0%| F|  |TAMS 0x0000000705800000, 0x0000000705800000| Untracked 
|  31|0x0000000705a00000, 0x0000000705a00000, 0x0000000705c00000|  0%| F|  |TAMS 0x0000000705a00000, 0x0000000705a00000| Untracked 
|  32|0x0000000705c00000, 0x0000000705c00000, 0x0000000705e00000|  0%| F|  |TAMS 0x0000000705c00000, 0x0000000705c00000| Untracked 
|  33|0x0000000705e00000, 0x0000000705e00000, 0x0000000706000000|  0%| F|  |TAMS 0x0000000705e00000, 0x0000000705e00000| Untracked 
|  34|0x0000000706000000, 0x0000000706000000, 0x0000000706200000|  0%| F|  |TAMS 0x0000000706000000, 0x0000000706000000| Untracked 
|  35|0x0000000706200000, 0x0000000706200000, 0x0000000706400000|  0%| F|  |TAMS 0x0000000706200000, 0x0000000706200000| Untracked 
|  36|0x0000000706400000, 0x0000000706400000, 0x0000000706600000|  0%| F|  |TAMS 0x0000000706400000, 0x0000000706400000| Untracked 
|  37|0x0000000706600000, 0x0000000706600000, 0x0000000706800000|  0%| F|  |TAMS 0x0000000706600000, 0x0000000706600000| Untracked 
|  38|0x0000000706800000, 0x0000000706800000, 0x0000000706a00000|  0%| F|  |TAMS 0x0000000706800000, 0x0000000706800000| Untracked 
|  39|0x0000000706a00000, 0x0000000706a00000, 0x0000000706c00000|  0%| F|  |TAMS 0x0000000706a00000, 0x0000000706a00000| Untracked 
|  40|0x0000000706c00000, 0x0000000706c00000, 0x0000000706e00000|  0%| F|  |TAMS 0x0000000706c00000, 0x0000000706c00000| Untracked 
|  41|0x0000000706e00000, 0x0000000706e00000, 0x0000000707000000|  0%| F|  |TAMS 0x0000000706e00000, 0x0000000706e00000| Untracked 
|  42|0x0000000707000000, 0x0000000707000000, 0x0000000707200000|  0%| F|  |TAMS 0x0000000707000000, 0x0000000707000000| Untracked 
|  43|0x0000000707200000, 0x0000000707200000, 0x0000000707400000|  0%| F|  |TAMS 0x0000000707200000, 0x0000000707200000| Untracked 
|  44|0x0000000707400000, 0x0000000707400000, 0x0000000707600000|  0%| F|  |TAMS 0x0000000707400000, 0x0000000707400000| Untracked 
|  45|0x0000000707600000, 0x0000000707600000, 0x0000000707800000|  0%| F|  |TAMS 0x0000000707600000, 0x0000000707600000| Untracked 
|  46|0x0000000707800000, 0x0000000707800000, 0x0000000707a00000|  0%| F|  |TAMS 0x0000000707800000, 0x0000000707800000| Untracked 
|  47|0x0000000707a00000, 0x0000000707a00000, 0x0000000707c00000|  0%| F|  |TAMS 0x0000000707a00000, 0x0000000707a00000| Untracked 
|  48|0x0000000707c00000, 0x0000000707c00000, 0x0000000707e00000|  0%| F|  |TAMS 0x0000000707c00000, 0x0000000707c00000| Untracked 
|  49|0x0000000707e00000, 0x0000000707e00000, 0x0000000708000000|  0%| F|  |TAMS 0x0000000707e00000, 0x0000000707e00000| Untracked 
|  50|0x0000000708000000, 0x0000000708000000, 0x0000000708200000|  0%| F|  |TAMS 0x0000000708000000, 0x0000000708000000| Untracked 
|  51|0x0000000708200000, 0x0000000708200000, 0x0000000708400000|  0%| F|  |TAMS 0x0000000708200000, 0x0000000708200000| Untracked 
|  52|0x0000000708400000, 0x0000000708400000, 0x0000000708600000|  0%| F|  |TAMS 0x0000000708400000, 0x0000000708400000| Untracked 
|  53|0x0000000708600000, 0x0000000708600000, 0x0000000708800000|  0%| F|  |TAMS 0x0000000708600000, 0x0000000708600000| Untracked 
|  54|0x0000000708800000, 0x0000000708800000, 0x0000000708a00000|  0%| F|  |TAMS 0x0000000708800000, 0x0000000708800000| Untracked 
|  55|0x0000000708a00000, 0x0000000708a00000, 0x0000000708c00000|  0%| F|  |TAMS 0x0000000708a00000, 0x0000000708a00000| Untracked 
|  56|0x0000000708c00000, 0x0000000708c00000, 0x0000000708e00000|  0%| F|  |TAMS 0x0000000708c00000, 0x0000000708c00000| Untracked 
|  57|0x0000000708e00000, 0x0000000708e00000, 0x0000000709000000|  0%| F|  |TAMS 0x0000000708e00000, 0x0000000708e00000| Untracked 
|  58|0x0000000709000000, 0x0000000709000000, 0x0000000709200000|  0%| F|  |TAMS 0x0000000709000000, 0x0000000709000000| Untracked 
|  59|0x0000000709200000, 0x0000000709200000, 0x0000000709400000|  0%| F|  |TAMS 0x0000000709200000, 0x0000000709200000| Untracked 
|  60|0x0000000709400000, 0x0000000709400000, 0x0000000709600000|  0%| F|  |TAMS 0x0000000709400000, 0x0000000709400000| Untracked 
|  61|0x0000000709600000, 0x0000000709600000, 0x0000000709800000|  0%| F|  |TAMS 0x0000000709600000, 0x0000000709600000| Untracked 
|  62|0x0000000709800000, 0x0000000709800000, 0x0000000709a00000|  0%| F|  |TAMS 0x0000000709800000, 0x0000000709800000| Untracked 
|  63|0x0000000709a00000, 0x0000000709a00000, 0x0000000709c00000|  0%| F|  |TAMS 0x0000000709a00000, 0x0000000709a00000| Untracked 
|  64|0x0000000709c00000, 0x0000000709c00000, 0x0000000709e00000|  0%| F|  |TAMS 0x0000000709c00000, 0x0000000709c00000| Untracked 
|  65|0x0000000709e00000, 0x0000000709e00000, 0x000000070a000000|  0%| F|  |TAMS 0x0000000709e00000, 0x0000000709e00000| Untracked 
|  66|0x000000070a000000, 0x000000070a000000, 0x000000070a200000|  0%| F|  |TAMS 0x000000070a000000, 0x000000070a000000| Untracked 
|  67|0x000000070a200000, 0x000000070a200000, 0x000000070a400000|  0%| F|  |TAMS 0x000000070a200000, 0x000000070a200000| Untracked 
|  68|0x000000070a400000, 0x000000070a400000, 0x000000070a600000|  0%| F|  |TAMS 0x000000070a400000, 0x000000070a400000| Untracked 
|  69|0x000000070a600000, 0x000000070a600000, 0x000000070a800000|  0%| F|  |TAMS 0x000000070a600000, 0x000000070a600000| Untracked 
|  70|0x000000070a800000, 0x000000070a800000, 0x000000070aa00000|  0%| F|  |TAMS 0x000000070a800000, 0x000000070a800000| Untracked 
|  71|0x000000070aa00000, 0x000000070aa00000, 0x000000070ac00000|  0%| F|  |TAMS 0x000000070aa00000, 0x000000070aa00000| Untracked 
|  72|0x000000070ac00000, 0x000000070ac00000, 0x000000070ae00000|  0%| F|  |TAMS 0x000000070ac00000, 0x000000070ac00000| Untracked 
|  73|0x000000070ae00000, 0x000000070ae00000, 0x000000070b000000|  0%| F|  |TAMS 0x000000070ae00000, 0x000000070ae00000| Untracked 
|  74|0x000000070b000000, 0x000000070b000000, 0x000000070b200000|  0%| F|  |TAMS 0x000000070b000000, 0x000000070b000000| Untracked 
|  75|0x000000070b200000, 0x000000070b200000, 0x000000070b400000|  0%| F|  |TAMS 0x000000070b200000, 0x000000070b200000| Untracked 
|  76|0x000000070b400000, 0x000000070b400000, 0x000000070b600000|  0%| F|  |TAMS 0x000000070b400000, 0x000000070b400000| Untracked 
|  77|0x000000070b600000, 0x000000070b600000, 0x000000070b800000|  0%| F|  |TAMS 0x000000070b600000, 0x000000070b600000| Untracked 
|  78|0x000000070b800000, 0x000000070b800000, 0x000000070ba00000|  0%| F|  |TAMS 0x000000070b800000, 0x000000070b800000| Untracked 
|  79|0x000000070ba00000, 0x000000070ba00000, 0x000000070bc00000|  0%| F|  |TAMS 0x000000070ba00000, 0x000000070ba00000| Untracked 
|  80|0x000000070bc00000, 0x000000070bc00000, 0x000000070be00000|  0%| F|  |TAMS 0x000000070bc00000, 0x000000070bc00000| Untracked 
|  81|0x000000070be00000, 0x000000070be00000, 0x000000070c000000|  0%| F|  |TAMS 0x000000070be00000, 0x000000070be00000| Untracked 
|  82|0x000000070c000000, 0x000000070c000000, 0x000000070c200000|  0%| F|  |TAMS 0x000000070c000000, 0x000000070c000000| Untracked 
|  83|0x000000070c200000, 0x000000070c200000, 0x000000070c400000|  0%| F|  |TAMS 0x000000070c200000, 0x000000070c200000| Untracked 
|  84|0x000000070c400000, 0x000000070c400000, 0x000000070c600000|  0%| F|  |TAMS 0x000000070c400000, 0x000000070c400000| Untracked 
|  85|0x000000070c600000, 0x000000070c600000, 0x000000070c800000|  0%| F|  |TAMS 0x000000070c600000, 0x000000070c600000| Untracked 
|  86|0x000000070c800000, 0x000000070c800000, 0x000000070ca00000|  0%| F|  |TAMS 0x000000070c800000, 0x000000070c800000| Untracked 
|  87|0x000000070ca00000, 0x000000070ca00000, 0x000000070cc00000|  0%| F|  |TAMS 0x000000070ca00000, 0x000000070ca00000| Untracked 
|  88|0x000000070cc00000, 0x000000070cc00000, 0x000000070ce00000|  0%| F|  |TAMS 0x000000070cc00000, 0x000000070cc00000| Untracked 
|  89|0x000000070ce00000, 0x000000070ce00000, 0x000000070d000000|  0%| F|  |TAMS 0x000000070ce00000, 0x000000070ce00000| Untracked 
|  90|0x000000070d000000, 0x000000070d000000, 0x000000070d200000|  0%| F|  |TAMS 0x000000070d000000, 0x000000070d000000| Untracked 
|  91|0x000000070d200000, 0x000000070d200000, 0x000000070d400000|  0%| F|  |TAMS 0x000000070d200000, 0x000000070d200000| Untracked 
|  92|0x000000070d400000, 0x000000070d400000, 0x000000070d600000|  0%| F|  |TAMS 0x000000070d400000, 0x000000070d400000| Untracked 
|  93|0x000000070d600000, 0x000000070d600000, 0x000000070d800000|  0%| F|  |TAMS 0x000000070d600000, 0x000000070d600000| Untracked 
|  94|0x000000070d800000, 0x000000070d800000, 0x000000070da00000|  0%| F|  |TAMS 0x000000070d800000, 0x000000070d800000| Untracked 
|  95|0x000000070da00000, 0x000000070da00000, 0x000000070dc00000|  0%| F|  |TAMS 0x000000070da00000, 0x000000070da00000| Untracked 
|  96|0x000000070dc00000, 0x000000070dc00000, 0x000000070de00000|  0%| F|  |TAMS 0x000000070dc00000, 0x000000070dc00000| Untracked 
|  97|0x000000070de00000, 0x000000070de00000, 0x000000070e000000|  0%| F|  |TAMS 0x000000070de00000, 0x000000070de00000| Untracked 
|  98|0x000000070e000000, 0x000000070e000000, 0x000000070e200000|  0%| F|  |TAMS 0x000000070e000000, 0x000000070e000000| Untracked 
|  99|0x000000070e200000, 0x000000070e200000, 0x000000070e400000|  0%| F|  |TAMS 0x000000070e200000, 0x000000070e200000| Untracked 
| 100|0x000000070e400000, 0x000000070e400000, 0x000000070e600000|  0%| F|  |TAMS 0x000000070e400000, 0x000000070e400000| Untracked 
| 101|0x000000070e600000, 0x000000070e600000, 0x000000070e800000|  0%| F|  |TAMS 0x000000070e600000, 0x000000070e600000| Untracked 
| 102|0x000000070e800000, 0x000000070e800000, 0x000000070ea00000|  0%| F|  |TAMS 0x000000070e800000, 0x000000070e800000| Untracked 
| 103|0x000000070ea00000, 0x000000070ea00000, 0x000000070ec00000|  0%| F|  |TAMS 0x000000070ea00000, 0x000000070ea00000| Untracked 
| 104|0x000000070ec00000, 0x000000070ec00000, 0x000000070ee00000|  0%| F|  |TAMS 0x000000070ec00000, 0x000000070ec00000| Untracked 
| 105|0x000000070ee00000, 0x000000070ee00000, 0x000000070f000000|  0%| F|  |TAMS 0x000000070ee00000, 0x000000070ee00000| Untracked 
| 106|0x000000070f000000, 0x000000070f000000, 0x000000070f200000|  0%| F|  |TAMS 0x000000070f000000, 0x000000070f000000| Untracked 
| 107|0x000000070f200000, 0x000000070f200000, 0x000000070f400000|  0%| F|  |TAMS 0x000000070f200000, 0x000000070f200000| Untracked 
| 108|0x000000070f400000, 0x000000070f400000, 0x000000070f600000|  0%| F|  |TAMS 0x000000070f400000, 0x000000070f400000| Untracked 
| 109|0x000000070f600000, 0x000000070f600000, 0x000000070f800000|  0%| F|  |TAMS 0x000000070f600000, 0x000000070f600000| Untracked 
| 110|0x000000070f800000, 0x000000070f800000, 0x000000070fa00000|  0%| F|  |TAMS 0x000000070f800000, 0x000000070f800000| Untracked 
| 111|0x000000070fa00000, 0x000000070fa00000, 0x000000070fc00000|  0%| F|  |TAMS 0x000000070fa00000, 0x000000070fa00000| Untracked 
| 112|0x000000070fc00000, 0x000000070fc00000, 0x000000070fe00000|  0%| F|  |TAMS 0x000000070fc00000, 0x000000070fc00000| Untracked 
| 113|0x000000070fe00000, 0x000000070fe00000, 0x0000000710000000|  0%| F|  |TAMS 0x000000070fe00000, 0x000000070fe00000| Untracked 
| 114|0x0000000710000000, 0x0000000710000000, 0x0000000710200000|  0%| F|  |TAMS 0x0000000710000000, 0x0000000710000000| Untracked 
| 115|0x0000000710200000, 0x0000000710200000, 0x0000000710400000|  0%| F|  |TAMS 0x0000000710200000, 0x0000000710200000| Untracked 
| 116|0x0000000710400000, 0x0000000710400000, 0x0000000710600000|  0%| F|  |TAMS 0x0000000710400000, 0x0000000710400000| Untracked 
| 117|0x0000000710600000, 0x0000000710600000, 0x0000000710800000|  0%| F|  |TAMS 0x0000000710600000, 0x0000000710600000| Untracked 
| 118|0x0000000710800000, 0x0000000710800000, 0x0000000710a00000|  0%| F|  |TAMS 0x0000000710800000, 0x0000000710800000| Untracked 
| 119|0x0000000710a00000, 0x0000000710a00000, 0x0000000710c00000|  0%| F|  |TAMS 0x0000000710a00000, 0x0000000710a00000| Untracked 
| 120|0x0000000710c00000, 0x0000000710c00000, 0x0000000710e00000|  0%| F|  |TAMS 0x0000000710c00000, 0x0000000710c00000| Untracked 
| 121|0x0000000710e00000, 0x0000000710e00000, 0x0000000711000000|  0%| F|  |TAMS 0x0000000710e00000, 0x0000000710e00000| Untracked 
| 122|0x0000000711000000, 0x0000000711000000, 0x0000000711200000|  0%| F|  |TAMS 0x0000000711000000, 0x0000000711000000| Untracked 
| 123|0x0000000711200000, 0x0000000711200000, 0x0000000711400000|  0%| F|  |TAMS 0x0000000711200000, 0x0000000711200000| Untracked 
| 124|0x0000000711400000, 0x0000000711400000, 0x0000000711600000|  0%| F|  |TAMS 0x0000000711400000, 0x0000000711400000| Untracked 
| 125|0x0000000711600000, 0x0000000711600000, 0x0000000711800000|  0%| F|  |TAMS 0x0000000711600000, 0x0000000711600000| Untracked 
| 126|0x0000000711800000, 0x0000000711800000, 0x0000000711a00000|  0%| F|  |TAMS 0x0000000711800000, 0x0000000711800000| Untracked 
| 127|0x0000000711a00000, 0x0000000711bc2a00, 0x0000000711c00000| 88%| E|  |TAMS 0x0000000711a00000, 0x0000000711a00000| Complete 

Card table byte_map: [0x000001f53ceb0000,0x000001f53d6b0000] _byte_map_base: 0x000001f5396a2000

Marking Bits (Prev, Next): (CMBitMap*) 0x000001f525ac9340, (CMBitMap*) 0x000001f525ac9380
 Prev Bits: [0x000001f53deb0000, 0x000001f541e40000)
 Next Bits: [0x000001f541e40000, 0x000001f545dd0000)

Polling page: 0x000001f523bc0000

Metaspace:

Usage:
  Non-class:    249.72 KB used.
      Class:     10.22 KB used.
       Both:    259.94 KB used.

Virtual space:
  Non-class space:       64.00 MB reserved,     320.00 KB ( <1%) committed,  1 nodes.
      Class space:        1.00 GB reserved,     128.00 KB ( <1%) committed,  1 nodes.
             Both:        1.06 GB reserved,     448.00 KB ( <1%) committed. 

Chunk freelists:
   Non-Class:  3.98 MB
       Class:  3.74 MB
        Both:  7.72 MB

MaxMetaspaceSize: unlimited
CompressedClassSpaceSize: 1.00 GB
Initial GC threshold: 21.00 MB
Current GC threshold: 21.00 MB
CDS: on
MetaspaceReclaimPolicy: balanced
 - commit_granule_bytes: 65536.
 - commit_granule_words: 8192.
 - virtual_space_node_default_size: 8388608.
 - enlarge_chunks_in_place: 1.
 - new_chunks_are_fully_committed: 0.
 - uncommit_free_chunks: 1.
 - use_allocation_guard: 0.


Internal statistics:

num_allocs_failed_limit: 0.
num_arena_births: 18.
num_arena_deaths: 0.
num_vsnodes_births: 2.
num_vsnodes_deaths: 0.
num_space_committed: 7.
num_space_uncommitted: 0.
num_chunks_returned_to_freelist: 0.
num_chunks_taken_from_freelist: 19.
num_chunk_merges: 0.
num_chunk_splits: 12.
num_chunks_enlarged: 8.
num_inconsistent_stats: 0.

CodeHeap 'non-profiled nmethods': size=120000Kb used=40Kb max_used=40Kb free=119959Kb
 bounds [0x000001f534e50000, 0x000001f5350c0000, 0x000001f53c380000]
CodeHeap 'profiled nmethods': size=120000Kb used=131Kb max_used=131Kb free=119868Kb
 bounds [0x000001f52d920000, 0x000001f52db90000, 0x000001f534e50000]
CodeHeap 'non-nmethods': size=5760Kb used=1085Kb max_used=1099Kb free=4674Kb
 bounds [0x000001f52d380000, 0x000001f52d5f0000, 0x000001f52d920000]
 total_blobs=473 nmethods=129 adapters=257
 compilation: enabled
              stopped_count=0, restarted_count=0
 full_count=0

Compilation events (20 events):
Event: 10.139 Thread 0x000001f5487f5650 nmethod 116 0x000001f52d93d310 code [0x000001f52d93d4c0, 0x000001f52d93d778]
Event: 10.139 Thread 0x000001f5487f5650  115       3       java.lang.invoke.MethodType::parameterType (7 bytes)
Event: 10.140 Thread 0x000001f5487f5650 nmethod 115 0x000001f52d93d890 code [0x000001f52d93da20, 0x000001f52d93db58]
Event: 10.140 Thread 0x000001f5487f5650  117       3       jdk.internal.org.objectweb.asm.SymbolTable::get (13 bytes)
Event: 10.140 Thread 0x000001f5487f5650 nmethod 117 0x000001f52d93dc10 code [0x000001f52d93dda0, 0x000001f52d93def8]
Event: 10.140 Thread 0x000001f5487f5650  120       1       java.lang.invoke.MethodType::form (5 bytes)
Event: 10.140 Thread 0x000001f5487f5650 nmethod 120 0x000001f534e59d90 code [0x000001f534e59f20, 0x000001f534e59ff8]
Event: 10.140 Thread 0x000001f5487f5650  123       3       java.lang.invoke.LambdaForm$BasicType::basicType (19 bytes)
Event: 10.140 Thread 0x000001f5487f5650 nmethod 123 0x000001f52d93e010 code [0x000001f52d93e1e0, 0x000001f52d93e438]
Event: 10.140 Thread 0x000001f5487f5650  124       3       jdk.internal.org.objectweb.asm.SymbolTable$Entry::<init> (17 bytes)
Event: 10.141 Thread 0x000001f5487f5650 nmethod 124 0x000001f52d93e590 code [0x000001f52d93e740, 0x000001f52d93e8c8]
Event: 11.146 Thread 0x000001f5487f5650  125       1       java.lang.invoke.MethodHandle::type (5 bytes)
Event: 11.146 Thread 0x000001f5487f5650 nmethod 125 0x000001f534e5a090 code [0x000001f534e5a220, 0x000001f534e5a2f8]
Event: 11.146 Thread 0x000001f5487f5650  126       3       jdk.internal.org.objectweb.asm.ByteVector::putByte (39 bytes)
Event: 11.146 Thread 0x000001f5487f5650 nmethod 126 0x000001f52d93e990 code [0x000001f52d93eb40, 0x000001f52d93ed28]
Event: 11.147 Thread 0x000001f5487f5650  127       3       jdk.internal.org.objectweb.asm.SymbolTable::addConstantUtf8 (98 bytes)
Event: 11.148 Thread 0x000001f5487f5650 nmethod 127 0x000001f52d93ee90 code [0x000001f52d93f0c0, 0x000001f52d93f6d8]
Event: 11.148 Thread 0x000001f5487f5650  129       3       jdk.internal.org.objectweb.asm.ByteVector::putShort (52 bytes)
Event: 11.148 Thread 0x000001f5487f5650 nmethod 129 0x000001f52d93fa10 code [0x000001f52d93fbc0, 0x000001f52d93fdc8]
Event: 11.148 Thread 0x000001f5487f5650  128       3       jdk.internal.org.objectweb.asm.SymbolTable::put (150 bytes)

GC Heap History (0 events):
No events

Deoptimization events (0 events):
No events

Classes loaded (14 events):
Event: 0.036 Loading class sun/nio/cs/MS1251
Event: 0.036 Loading class sun/nio/cs/MS1251 done
Event: 0.037 Loading class sun/nio/cs/MS1251$Holder
Event: 0.037 Loading class sun/nio/cs/MS1251$Holder done
Event: 0.066 Loading class jdk/internal/vm/PostVMInitHook
Event: 0.066 Loading class jdk/internal/vm/PostVMInitHook done
Event: 0.068 Loading class jdk/internal/loader/URLClassPath$FileLoader
Event: 0.068 Loading class jdk/internal/loader/URLClassPath$FileLoader done
Event: 0.068 Loading class sun/nio/cs/UTF_8$Decoder
Event: 0.068 Loading class sun/nio/cs/UTF_8$Decoder done
Event: 0.070 Loading class jdk/internal/loader/URLClassPath$FileLoader$1
Event: 0.070 Loading class jdk/internal/loader/URLClassPath$FileLoader$1 done
Event: 0.072 Loading class java/lang/InterruptedException
Event: 0.073 Loading class java/lang/InterruptedException done

Classes unloaded (0 events):
No events

Classes redefined (0 events):
No events

Internal exceptions (0 events):
No events

VM Operations (4 events):
Event: 2.026 Executing VM operation: Cleanup
Event: 2.026 Executing VM operation: Cleanup done
Event: 11.029 Executing VM operation: Cleanup
Event: 11.029 Executing VM operation: Cleanup done

Events (15 events):
Event: 0.014 Loaded shared library C:\Users\User\.jdks\openjdk-18.0.2.1\bin\java.dll
Event: 0.025 Loaded shared library C:\Users\User\.jdks\openjdk-18.0.2.1\bin\jsvml.dll
Event: 0.025 Thread 0x000001f525a58810 Thread added: 0x000001f525a58810
Event: 0.028 Thread 0x000001f5487c8370 Thread added: 0x000001f5487c8370
Event: 0.028 Thread 0x000001f5487cc210 Thread added: 0x000001f5487cc210
Event: 0.043 Thread 0x000001f5487e6a90 Thread added: 0x000001f5487e6a90
Event: 0.043 Thread 0x000001f5487e7340 Thread added: 0x000001f5487e7340
Event: 0.043 Thread 0x000001f5487e80f0 Thread added: 0x000001f5487e80f0
Event: 0.043 Thread 0x000001f5487e8a90 Thread added: 0x000001f5487e8a90
Event: 0.043 Thread 0x000001f5487ecc60 Thread added: 0x000001f5487ecc60
Event: 0.043 Thread 0x000001f5487f5650 Thread added: 0x000001f5487f5650
Event: 0.043 Thread 0x000001f5487f8250 Thread added: 0x000001f5487f8250
Event: 0.066 Thread 0x000001f54ccc0c00 Thread added: 0x000001f54ccc0c00
Event: 0.071 Thread 0x000001f54ccc5f70 Thread added: 0x000001f54ccc5f70
Event: 0.078 Loaded shared library C:\Users\User\Desktop\Study\3 year\JavaOptimization\Task3\src\main\java\nativeBean\bean.dll


Dynamic libraries:
0x00007ff7829d0000 - 0x00007ff7829de000 	C:\Users\User\.jdks\openjdk-18.0.2.1\bin\java.exe
0x00007ffa76db0000 - 0x00007ffa76fc6000 	C:\WINDOWS\SYSTEM32\ntdll.dll
0x00007ffa74ae0000 - 0x00007ffa74ba4000 	C:\WINDOWS\System32\KERNEL32.DLL
0x00007ffa741f0000 - 0x00007ffa74597000 	C:\WINDOWS\System32\KERNELBASE.dll
0x00007ffa74710000 - 0x00007ffa74821000 	C:\WINDOWS\System32\ucrtbase.dll
0x00007ffa5c0a0000 - 0x00007ffa5c0b7000 	C:\Users\User\.jdks\openjdk-18.0.2.1\bin\jli.dll
0x00007ffa5a7a0000 - 0x00007ffa5a7ba000 	C:\Users\User\.jdks\openjdk-18.0.2.1\bin\VCRUNTIME140.dll
0x00007ffa75d90000 - 0x00007ffa75f3e000 	C:\WINDOWS\System32\USER32.dll
0x00007ffa74950000 - 0x00007ffa74976000 	C:\WINDOWS\System32\win32u.dll
0x00007ffa76250000 - 0x00007ffa76279000 	C:\WINDOWS\System32\GDI32.dll
0x00007ffa5d7d0000 - 0x00007ffa5da63000 	C:\WINDOWS\WinSxS\amd64_microsoft.windows.common-controls_6595b64144ccf1df_6.0.22621.3235_none_270f74e173860f98\COMCTL32.dll
0x00007ffa740d0000 - 0x00007ffa741e9000 	C:\WINDOWS\System32\gdi32full.dll
0x00007ffa74d10000 - 0x00007ffa74db7000 	C:\WINDOWS\System32\msvcrt.dll
0x00007ffa748b0000 - 0x00007ffa7494a000 	C:\WINDOWS\System32\msvcp_win.dll
0x00007ffa76c30000 - 0x00007ffa76c61000 	C:\WINDOWS\System32\IMM32.DLL
0x00007ffa5ccc0000 - 0x00007ffa5cccc000 	C:\Users\User\.jdks\openjdk-18.0.2.1\bin\vcruntime140_1.dll
0x00007ffa57110000 - 0x00007ffa5719d000 	C:\Users\User\.jdks\openjdk-18.0.2.1\bin\msvcp140.dll
0x00007ff9fc9d0000 - 0x00007ff9fd5e1000 	C:\Users\User\.jdks\openjdk-18.0.2.1\bin\server\jvm.dll
0x00007ffa74c50000 - 0x00007ffa74d02000 	C:\WINDOWS\System32\ADVAPI32.dll
0x00007ffa74dc0000 - 0x00007ffa74e68000 	C:\WINDOWS\System32\sechost.dll
0x00007ffa749f0000 - 0x00007ffa74a18000 	C:\WINDOWS\System32\bcrypt.dll
0x00007ffa76780000 - 0x00007ffa76895000 	C:\WINDOWS\System32\RPCRT4.dll
0x00007ffa766e0000 - 0x00007ffa766e8000 	C:\WINDOWS\System32\PSAPI.DLL
0x00007ffa5cd70000 - 0x00007ffa5cd79000 	C:\WINDOWS\SYSTEM32\WSOCK32.dll
0x00007ffa6c820000 - 0x00007ffa6c854000 	C:\WINDOWS\SYSTEM32\WINMM.dll
0x00007ffa75d10000 - 0x00007ffa75d81000 	C:\WINDOWS\System32\WS2_32.dll
0x00007ffa64e80000 - 0x00007ffa64e8a000 	C:\WINDOWS\SYSTEM32\VERSION.dll
0x00007ffa730d0000 - 0x00007ffa730e8000 	C:\WINDOWS\SYSTEM32\kernel.appcore.dll
0x00007ffa5b9d0000 - 0x00007ffa5b9da000 	C:\Users\User\.jdks\openjdk-18.0.2.1\bin\jimage.dll
0x00007ffa64bc0000 - 0x00007ffa64df3000 	C:\WINDOWS\SYSTEM32\DBGHELP.DLL
0x00007ffa768a0000 - 0x00007ffa76c28000 	C:\WINDOWS\System32\combase.dll
0x00007ffa75fc0000 - 0x00007ffa76097000 	C:\WINDOWS\System32\OLEAUT32.dll
0x00007ffa55f80000 - 0x00007ffa55fb2000 	C:\WINDOWS\SYSTEM32\dbgcore.DLL
0x00007ffa74830000 - 0x00007ffa748a9000 	C:\WINDOWS\System32\bcryptPrimitives.dll
0x00007ffa58ee0000 - 0x00007ffa58f05000 	C:\Users\User\.jdks\openjdk-18.0.2.1\bin\java.dll
0x00007ffa53c40000 - 0x00007ffa53d16000 	C:\Users\User\.jdks\openjdk-18.0.2.1\bin\jsvml.dll
0x00007ffa754b0000 - 0x00007ffa75d0c000 	C:\WINDOWS\System32\SHELL32.dll
0x00007ffa71fe0000 - 0x00007ffa728d9000 	C:\WINDOWS\SYSTEM32\windows.storage.dll
0x00007ffa71ea0000 - 0x00007ffa71fde000 	C:\WINDOWS\SYSTEM32\wintypes.dll
0x00007ffa76280000 - 0x00007ffa76373000 	C:\WINDOWS\System32\SHCORE.dll
0x00007ffa766f0000 - 0x00007ffa7674e000 	C:\WINDOWS\System32\shlwapi.dll
0x00007ffa74000000 - 0x00007ffa74021000 	C:\WINDOWS\SYSTEM32\profapi.dll
0x00007ffa6c870000 - 0x00007ffa6c886000 	C:\Users\User\Desktop\Study\3 year\JavaOptimization\Task3\src\main\java\nativeBean\bean.dll

dbghelp: loaded successfully - version: 4.0.5 - missing functions: none
symbol engine: initialized successfully - sym options: 0x614 - pdb path: .;C:\Users\User\.jdks\openjdk-18.0.2.1\bin;C:\WINDOWS\SYSTEM32;C:\WINDOWS\WinSxS\amd64_microsoft.windows.common-controls_6595b64144ccf1df_6.0.22621.3235_none_270f74e173860f98;C:\Users\User\.jdks\openjdk-18.0.2.1\bin\server;C:\Users\User\Desktop\Study\3 year\JavaOptimization\Task3\src\main\java\nativeBean

VM Arguments:
jvm_args: -Djava.library.path=C:\Users\User\Desktop\Study\3 year\JavaOptimization\Task3\src\main\java\nativeBean -Dfile.encoding=windows-1251 -Duser.country=RU -Duser.language=ru -Duser.variant 
java_command: Main
java_class_path (initial): C:\Users\User\Desktop\Study\3 year\JavaOptimization\Task3\build\classes\java\main;C:\Users\User\Desktop\Study\3 year\JavaOptimization\Task3\build\resources\main
Launcher Type: SUN_STANDARD

[Global flags]
     intx CICompilerCount                          = 4                                         {product} {ergonomic}
     uint ConcGCThreads                            = 2                                         {product} {ergonomic}
     uint G1ConcRefinementThreads                  = 8                                         {product} {ergonomic}
   size_t G1HeapRegionSize                         = 2097152                                   {product} {ergonomic}
    uintx GCDrainStackTargetSize                   = 64                                        {product} {ergonomic}
   size_t InitialHeapSize                          = 268435456                                 {product} {ergonomic}
   size_t MarkStackSize                            = 4194304                                   {product} {ergonomic}
   size_t MaxHeapSize                              = 4265607168                                {product} {ergonomic}
   size_t MaxNewSize                               = 2558525440                                {product} {ergonomic}
   size_t MinHeapDeltaBytes                        = 2097152                                   {product} {ergonomic}
   size_t MinHeapSize                              = 8388608                                   {product} {ergonomic}
    uintx NonNMethodCodeHeapSize                   = 5839372                                {pd product} {ergonomic}
    uintx NonProfiledCodeHeapSize                  = 122909434                              {pd product} {ergonomic}
    uintx ProfiledCodeHeapSize                     = 122909434                              {pd product} {ergonomic}
    uintx ReservedCodeCacheSize                    = 251658240                              {pd product} {ergonomic}
     bool SegmentedCodeCache                       = true                                      {product} {ergonomic}
   size_t SoftMaxHeapSize                          = 4265607168                             {manageable} {ergonomic}
     bool UseCompressedClassPointers               = true                           {product lp64_product} {ergonomic}
     bool UseCompressedOops                        = true                           {product lp64_product} {ergonomic}
     bool UseG1GC                                  = true                                      {product} {ergonomic}
     bool UseLargePagesIndividualAllocation        = false                                  {pd product} {ergonomic}

Logging:
Log output configuration:
 #0: stdout all=warning uptime,level,tags foldmultilines=false
 #1: stderr all=off uptime,level,tags foldmultilines=false

Environment Variables:
PATH=C:\Program Files\NVIDIA GPU Computing Toolkit\CUDA\v12.4\bin;C:\Program Files\NVIDIA GPU Computing Toolkit\CUDA\v12.4\libnvvp;C:\Program Files\Common Files\Oracle\Java\javapath;C:\Program Files (x86)\Common Files\Oracle\Java\javapath;C:\Users\User\gcc\bin;C:\Users\User\gcc\libexec\gcc\x86_64-w64-mingw32\9.2.0;C:\Windows\system32;C:\Windows;C:\Windows\System32\Wbem;C:\Windows\System32\WindowsPowerShell\v1.0\;C:\Windows\System32\OpenSSH\;C:\Program Files (x86)\NVIDIA Corporation\PhysX\Common;C:\ProgramData\chocolatey\bin;C:\Program Files\ghc\bin;C:\Program Files\Git\cmd;C:\WINDOWS\system32;C:\WINDOWS;C:\WINDOWS\System32\Wbem;C:\WINDOWS\System32\WindowsPowerShell\v1.0\;C:\WINDOWS\System32\OpenSSH\;C:\gradle\bin;C:\Program Files\nodejs\;C:\Program Files\MiniZinc\;C:\mingw64\bin;C:\Program Files\MySQL\MySQL Server 8.0\bin;C:\Users\User\.jdks\openjdk-18.0.2.1\bin;C:\Program Files\NVIDIA Corporation\Nsight Compute 2024.1.0\;C:\Program Files\NVIDIA Corporation\NVIDIA NvDLISR;C:\Users\User\AppData\Local\Programs\Python\Launcher\;C:\Program Files\OpenSSL-Win64\bin;C:\Users\User\AppData\Roaming\npm;C:\Users\User\AppData\Local\Programs\Python\Python311\Scripts;C:\Users\User\AppData\Local\Programs\Microsoft VS Code\bin;C:\Program Files\JetBrains\IntelliJ IDEA 2023.2.2\bin;;C:\Program Files\JetBrains\PyCharm 2023.2.1\bin;;C:\Program Files\JetBrains\CLion 2023.2.2\bin;;C:\Users\User\AppData\Local\Microsoft\WindowsApps;C:\Program Files\JetBrains\GoLand 2023.2.4\bin;;C:\Users\User\.jdks\openjdk-18.0.2.1\bin;
USERNAME=User
OS=Windows_NT
PROCESSOR_IDENTIFIER=Intel64 Family 6 Model 142 Stepping 10, GenuineIntel



---------------  S Y S T E M  ---------------

OS:
 Windows 11 , 64 bit Build 22621 (10.0.22621.3374)
OS uptime: 2 days 22:31 hours
Hyper-V role detected

CPU: total 8 (initial active 8) (4 cores per cpu, 2 threads per core) family 6 model 142 stepping 10 microcode 0xe0, cx8, cmov, fxsr, ht, mmx, 3dnowpref, sse, sse2, sse3, ssse3, sse4.1, sse4.2, popcnt, lzcnt, tsc, tscinvbit, avx, avx2, aes, erms, clmul, bmi1, bmi2, adx, fma, vzeroupper, clflush, clflushopt, hv

Memory: 4k page, system-wide physical 16268M (2237M free)
TotalPageFile size 37339M (AvailPageFile size 131M)
current process WorkingSet (physical memory assigned to process): 9432M, peak: 11132M
current process commit charge ("private bytes"): 17784M, peak: 18297M

vm_info: OpenJDK 64-Bit Server VM (18.0.2.1+1-1) for windows-amd64 JRE (18.0.2.1+1-1), built on Aug 16 2022 01:44:29 by "mach5one" with MS VC++ 16.8 / 16.9 (VS2019)

END.
